This is TeX, Version 3.141592 (Web2C 7.5.6) (format=tex 2008.9.18)  11 FEB 2009 00:42
**crude1.tex
(./crude1.tex (./cwebmac.tex
\PPbox=\box16
\MMbox=\box17
\MGbox=\box18
\MODbox=\box19
\bak=\box20
\bakk=\box21
\ind=\count26
\gdepth=\count27
\secpagedepth=\count28
\gtitle=\toks12
\intersecskip=\skip18
\toksA=\toks13
\toksB=\toks14
\toksC=\toks15
\toksD=\toks16
\toksE=\toks17
\toksF=\toks18
\usersanitizer=\toks19
\countA=\count29
\countB=\count30
\countC=\count31
\pagewidth=\dimen16
\pageheight=\dimen17
\fullpageheight=\dimen18
\pageshift=\dimen19
\cont=\write0
\sbox=\box22
\lbox=\box23
\twodigits=\count32
) [1
\openout0 = `crude1.toc'.

] *1 [2] [3] [4] [5] *10 [6] [7] [8] [9]
[10] *14 Index: (./crude1.idx) [11] Section names: (./crude1.scn) [12]
Table of contents: (./crude1.toc) [0] )
Output written on crude1.dvi (13 pages, 41192 bytes).
